python test/test.py


Traceback (most recent call last):
  File "test/test.py", line 17, in <module>
    shallow(bar, 15)
    â”‚       â”” 2
    â”” <function shallow at 0xDEADBEEF>
  File "test/test.py", line 8, in shallow
    deep(a + b)
    â”‚    â”‚   â”” 15
    â”‚    â”” 2
    â”” <function deep at 0xDEADBEEF>
  File "test/test.py", line 13, in deep
    assert val > 10 and foo == 60
           â”‚            â”” 52
           â”” 17
AssertionError: assert val > 10 and foo == 60



python test/test_color.py


False



python test/test_encoding.py


Traceback (most recent call last):
  File "test/test_encoding.py", line 14, in <module>
    div()
    â”” <function div at 0xDEADBEEF>
  File "test/test_encoding.py", line 11, in div
    return _deep("å¤©")
           â”” <function _deep at 0xDEADBEEF>
  File "test/test_encoding.py", line 8, in _deep
    return 1 / val
               â”” 'å¤©'
TypeError: unsupported operand type(s) for /: 'int' and 'str'



./test/test_interactive.sh


spawn python -m better_exceptions -q
>>> import better_exceptions
>>> def foo(a):
...     assert a > 10
... 
>>> foo(1)
Traceback (most recent call last):
  File "<console>", line 1, in <module>
    [38;5;15mfoo[39m[38;5;15m([39m[38;5;141m1[39m[38;5;15m)[39m
    [36mâ”” <function foo at 0xDEADBEEF>[m
  File "<console>", line 2, in foo
    [38;5;81massert[39m[38;5;15m [39m[38;5;15ma[39m[38;5;15m [39m[38;5;197m>[39m[38;5;15m [39m[38;5;141m10[39m
    [36m       â”” 1[m
AssertionError: [38;5;81massert[39m[38;5;15m [39m[38;5;15ma[39m[38;5;15m [39m[38;5;197m>[39m[38;5;15m [39m[38;5;141m10[39m
>>> exit()



./test/test_string.sh



import better_exceptions; better_exceptions.hook(); a = 5; assert a > 10 # this should work fine

Traceback (most recent call last):
  File "<string>", line 1, in <module>
    import better_exceptions; better_exceptions.hook(); a = 5; assert a > 10 # this should work fine
           â”‚                  â”‚                         â”‚             â”” 5
           â”‚                  â”‚                         â”” 5
           â”‚                  â”” <module 'test_module' from '/removed/for/test/purposes.py'>
           â”” <module 'test_module' from '/removed/for/test/purposes.py'>
AssertionError: import better_exceptions; better_exceptions.hook(); a = 5; assert a > 10 # this should work fine

Traceback (most recent call last):
  File "<string>", line 1, in <module>
    import better_exceptions; better_exceptions.hook(); a = 5; assert a > 10 # this should work fine
           â”‚                  â”‚                         â”‚             â”” 5
           â”‚                  â”‚                         â”” 5
           â”‚                  â”” <module 'test_module' from '/removed/for/test/purposes.py'>
           â”” <module 'test_module' from '/removed/for/test/purposes.py'>
AssertionError: import better_exceptions; better_exceptions.hook(); a = 5; assert a > 10 # this should work fine

from __future__ import print_function; import better_exceptions; better_exceptions.hook(); a = "why hello there"; print(a); assert False

Traceback (most recent call last):
  File "<string>", line 1, in <module>
    from __future__ import print_function; import better_exceptions; better_exceptions.hook(); a = "why hello there"; print(a); assert False
                           â”‚                      â”‚                  â”‚                         â”‚                            â”” 'why hello there'
                           â”‚                      â”‚                  â”‚                         â”” 'why hello there'
                           â”‚                      â”‚                  â”” <module 'test_module' from '/removed/for/test/purposes.py'>
                           â”‚                      â”” <module 'test_module' from '/removed/for/test/purposes.py'>
                           â”” _Feature((2, 6, 0, 'alpha', 2), (3, 0, 0, 'alpha', 0), 65536)
AssertionError: from __future__ import print_function; import better_exceptions; better_exceptions.hook(); a = "why hello there"; print(a); assert False
why hello there

Traceback (most recent call last):
  File "<string>", line 1, in <module>
    from __future__ import print_function; import better_exceptions; better_exceptions.hook(); a = "why hello there"; print(a); assert False
                           â”‚                      â”‚                  â”‚                         â”‚                            â”” 'why hello there'
                           â”‚                      â”‚                  â”‚                         â”” 'why hello there'
                           â”‚                      â”‚                  â”” <module 'test_module' from '/removed/for/test/purposes.py'>
                           â”‚                      â”” <module 'test_module' from '/removed/for/test/purposes.py'>
                           â”” _Feature((2, 6, 0, 'alpha', 2), (3, 0, 0, 'alpha', 0), 65536)
AssertionError: from __future__ import print_function; import better_exceptions; better_exceptions.hook(); a = "why hello there"; print(a); assert False
why hello there

from __future__ import print_function; import better_exceptions; better_exceptions.hook(); a = "why     hello          " + "   there"; print(a); assert False

Traceback (most recent call last):
  File "<string>", line 1, in <module>
    from __future__ import print_function; import better_exceptions; better_exceptions.hook(); a = "why     hello          " + "   there"; print(a); assert False
                           â”‚                      â”‚                  â”‚                         â”‚                                                 â”” 'why     hello             there'
                           â”‚                      â”‚                  â”‚                         â”” 'why     hello             there'
                           â”‚                      â”‚                  â”” <module 'test_module' from '/removed/for/test/purposes.py'>
                           â”‚                      â”” <module 'test_module' from '/removed/for/test/purposes.py'>
                           â”” _Feature((2, 6, 0, 'alpha', 2), (3, 0, 0, 'alpha', 0), 65536)
AssertionError: from __future__ import print_function; import better_exceptions; better_exceptions.hook(); a = "why     hello          " + "   there"; print(a); assert False
why     hello             there

Traceback (most recent call last):
  File "<string>", line 1, in <module>
    from __future__ import print_function; import better_exceptions; better_exceptions.hook(); a = "why     hello          " + "   there"; print(a); assert False
                           â”‚                      â”‚                  â”‚                         â”‚                                                 â”” 'why     hello             there'
                           â”‚                      â”‚                  â”‚                         â”” 'why     hello             there'
                           â”‚                      â”‚                  â”” <module 'test_module' from '/removed/for/test/purposes.py'>
                           â”‚                      â”” <module 'test_module' from '/removed/for/test/purposes.py'>
                           â”” _Feature((2, 6, 0, 'alpha', 2), (3, 0, 0, 'alpha', 0), 65536)
AssertionError: from __future__ import print_function; import better_exceptions; better_exceptions.hook(); a = "why     hello          " + "   there"; print(a); assert False
why     hello             there



python test/test_logging.py


ERROR:__main__:callback failed
Traceback (most recent call last):
  File "test/test_logging.py", line 16, in foo
    cb()
    â”” <function bar3 at 0xDEADBEEF>
  File "test/test_logging.py", line 33, in bar3
    raise Exception('this is a test exception')
Exception: this is a test exception

ERROR:__main__:callback failed
Traceback (most recent call last):
  File "test/test_logging.py", line 16, in foo
    cb()
    â”” <function bar4 at 0xDEADBEEF>
  File "test/test_logging.py", line 38, in bar4
    assert baz == 90
           â”” 52
AssertionError: assert baz == 90




python test/test_truncating.py


Traceback (most recent call last):
  File "test/test_truncating.py", line 12, in <module>
    div()
    â”” <function ...
  File "test/test_truncating.py", line 9, in div
    return 1 / var
               â”” '999999999...
TypeError: unsupported operand type(s) for /: 'int' and 'str'



python test/test_truncating_disabled.py


Traceback (most recent call last):
  File "test/test_truncating_disabled.py", line 12, in <module>
    div()
    â”” <function div at 0xDEADBEEF>
  File "test/test_truncating_disabled.py", line 9, in div
    return 1 / var
               â”” '999999999999999999999999999999999999999999999999999999999999999999999999999999999999999999999999999999999999999999999999999999999999999999999999999999'
TypeError: unsupported operand type(s) for /: 'int' and 'str'



